Analysis & Synthesis report for experimento-05
Tue Oct 27 18:53:08 2020
Quartus Prime Version 20.1.0 Build 711 06/05/2020 SJ Lite Edition


---------------------
; Table of Contents ;
---------------------
  1. Legal Notice
  2. Analysis & Synthesis Summary
  3. Analysis & Synthesis Settings
  4. Parallel Compilation
  5. Analysis & Synthesis Source Files Read
  6. Analysis & Synthesis Resource Usage Summary
  7. Analysis & Synthesis Resource Utilization by Entity
  8. General Register Statistics
  9. Post-Synthesis Netlist Statistics for Top Partition
 10. Elapsed Time Per Partition
 11. Analysis & Synthesis Messages



----------------
; Legal Notice ;
----------------
Copyright (C) 2020  Intel Corporation. All rights reserved.
Your use of Intel Corporation's design tools, logic functions 
and other software and tools, and any partner logic 
functions, and any output files from any of the foregoing 
(including device programming or simulation files), and any 
associated documentation or information are expressly subject 
to the terms and conditions of the Intel Program License 
Subscription Agreement, the Intel Quartus Prime License Agreement,
the Intel FPGA IP License Agreement, or other applicable license
agreement, including, without limitation, that your use is for
the sole purpose of programming logic devices manufactured by
Intel and sold by Intel or its authorized distributors.  Please
refer to the applicable agreement for further details, at
https://fpgasoftware.intel.com/eula.



+----------------------------------------------------------------------------------+
; Analysis & Synthesis Summary                                                     ;
+------------------------------------+---------------------------------------------+
; Analysis & Synthesis Status        ; Successful - Tue Oct 27 18:53:08 2020       ;
; Quartus Prime Version              ; 20.1.0 Build 711 06/05/2020 SJ Lite Edition ;
; Revision Name                      ; experimento-05                              ;
; Top-level Entity Name              ; Mod_Teste4                                  ;
; Family                             ; Cyclone IV E                                ;
; Total logic elements               ; 12                                          ;
;     Total combinational functions  ; 12                                          ;
;     Dedicated logic registers      ; 0                                           ;
; Total registers                    ; 0                                           ;
; Total pins                         ; 18                                          ;
; Total virtual pins                 ; 0                                           ;
; Total memory bits                  ; 0                                           ;
; Embedded Multiplier 9-bit elements ; 0                                           ;
; Total PLLs                         ; 0                                           ;
+------------------------------------+---------------------------------------------+


+------------------------------------------------------------------------------------------------------------+
; Analysis & Synthesis Settings                                                                              ;
+------------------------------------------------------------------+--------------------+--------------------+
; Option                                                           ; Setting            ; Default Value      ;
+------------------------------------------------------------------+--------------------+--------------------+
; Device                                                           ; EP4CE115F29C9L     ;                    ;
; Top-level entity name                                            ; Mod_Teste4         ; experimento-05     ;
; Family name                                                      ; Cyclone IV E       ; Cyclone V          ;
; Use smart compilation                                            ; Off                ; Off                ;
; Enable parallel Assembler and Timing Analyzer during compilation ; On                 ; On                 ;
; Enable compact report table                                      ; Off                ; Off                ;
; Restructure Multiplexers                                         ; Auto               ; Auto               ;
; Create Debugging Nodes for IP Cores                              ; Off                ; Off                ;
; Preserve fewer node names                                        ; On                 ; On                 ;
; Intel FPGA IP Evaluation Mode                                    ; Enable             ; Enable             ;
; Verilog Version                                                  ; Verilog_2001       ; Verilog_2001       ;
; VHDL Version                                                     ; VHDL_1993          ; VHDL_1993          ;
; State Machine Processing                                         ; Auto               ; Auto               ;
; Safe State Machine                                               ; Off                ; Off                ;
; Extract Verilog State Machines                                   ; On                 ; On                 ;
; Extract VHDL State Machines                                      ; On                 ; On                 ;
; Ignore Verilog initial constructs                                ; Off                ; Off                ;
; Iteration limit for constant Verilog loops                       ; 5000               ; 5000               ;
; Iteration limit for non-constant Verilog loops                   ; 250                ; 250                ;
; Add Pass-Through Logic to Inferred RAMs                          ; On                 ; On                 ;
; Infer RAMs from Raw Logic                                        ; On                 ; On                 ;
; Parallel Synthesis                                               ; On                 ; On                 ;
; DSP Block Balancing                                              ; Auto               ; Auto               ;
; NOT Gate Push-Back                                               ; On                 ; On                 ;
; Power-Up Don't Care                                              ; On                 ; On                 ;
; Remove Redundant Logic Cells                                     ; Off                ; Off                ;
; Remove Duplicate Registers                                       ; On                 ; On                 ;
; Ignore CARRY Buffers                                             ; Off                ; Off                ;
; Ignore CASCADE Buffers                                           ; Off                ; Off                ;
; Ignore GLOBAL Buffers                                            ; Off                ; Off                ;
; Ignore ROW GLOBAL Buffers                                        ; Off                ; Off                ;
; Ignore LCELL Buffers                                             ; Off                ; Off                ;
; Ignore SOFT Buffers                                              ; On                 ; On                 ;
; Limit AHDL Integers to 32 Bits                                   ; Off                ; Off                ;
; Optimization Technique                                           ; Balanced           ; Balanced           ;
; Carry Chain Length                                               ; 70                 ; 70                 ;
; Auto Carry Chains                                                ; On                 ; On                 ;
; Auto Open-Drain Pins                                             ; On                 ; On                 ;
; Perform WYSIWYG Primitive Resynthesis                            ; Off                ; Off                ;
; Auto ROM Replacement                                             ; On                 ; On                 ;
; Auto RAM Replacement                                             ; On                 ; On                 ;
; Auto DSP Block Replacement                                       ; On                 ; On                 ;
; Auto Shift Register Replacement                                  ; Auto               ; Auto               ;
; Allow Shift Register Merging across Hierarchies                  ; Auto               ; Auto               ;
; Auto Clock Enable Replacement                                    ; On                 ; On                 ;
; Strict RAM Replacement                                           ; Off                ; Off                ;
; Allow Synchronous Control Signals                                ; On                 ; On                 ;
; Force Use of Synchronous Clear Signals                           ; Off                ; Off                ;
; Auto RAM Block Balancing                                         ; On                 ; On                 ;
; Auto RAM to Logic Cell Conversion                                ; Off                ; Off                ;
; Auto Resource Sharing                                            ; Off                ; Off                ;
; Allow Any RAM Size For Recognition                               ; Off                ; Off                ;
; Allow Any ROM Size For Recognition                               ; Off                ; Off                ;
; Allow Any Shift Register Size For Recognition                    ; Off                ; Off                ;
; Use LogicLock Constraints during Resource Balancing              ; On                 ; On                 ;
; Ignore translate_off and synthesis_off directives                ; Off                ; Off                ;
; Timing-Driven Synthesis                                          ; On                 ; On                 ;
; Report Parameter Settings                                        ; On                 ; On                 ;
; Report Source Assignments                                        ; On                 ; On                 ;
; Report Connectivity Checks                                       ; On                 ; On                 ;
; Ignore Maximum Fan-Out Assignments                               ; Off                ; Off                ;
; Synchronization Register Chain Length                            ; 2                  ; 2                  ;
; Power Optimization During Synthesis                              ; Normal compilation ; Normal compilation ;
; HDL message level                                                ; Level2             ; Level2             ;
; Suppress Register Optimization Related Messages                  ; Off                ; Off                ;
; Number of Removed Registers Reported in Synthesis Report         ; 5000               ; 5000               ;
; Number of Swept Nodes Reported in Synthesis Report               ; 5000               ; 5000               ;
; Number of Inverted Registers Reported in Synthesis Report        ; 100                ; 100                ;
; Clock MUX Protection                                             ; On                 ; On                 ;
; Auto Gated Clock Conversion                                      ; Off                ; Off                ;
; Block Design Naming                                              ; Auto               ; Auto               ;
; SDC constraint protection                                        ; Off                ; Off                ;
; Synthesis Effort                                                 ; Auto               ; Auto               ;
; Shift Register Replacement - Allow Asynchronous Clear Signal     ; On                 ; On                 ;
; Pre-Mapping Resynthesis Optimization                             ; Off                ; Off                ;
; Analysis & Synthesis Message Level                               ; Medium             ; Medium             ;
; Disable Register Merging Across Hierarchies                      ; Auto               ; Auto               ;
; Resource Aware Inference For Block RAM                           ; On                 ; On                 ;
+------------------------------------------------------------------+--------------------+--------------------+


+------------------------------------------+
; Parallel Compilation                     ;
+----------------------------+-------------+
; Processors                 ; Number      ;
+----------------------------+-------------+
; Number detected on machine ; 4           ;
; Maximum allowed            ; 2           ;
;                            ;             ;
; Average used               ; 1.00        ;
; Maximum used               ; 1           ;
;                            ;             ;
; Usage by Processor         ; % Time Used ;
;     Processor 1            ; 100.0%      ;
+----------------------------+-------------+


+--------------------------------------------------------------------------------------------------------------------------------------------------------------------------------------+
; Analysis & Synthesis Source Files Read                                                                                                                                               ;
+--------------------------------------+-----------------+------------------------+------------------------------------------------------------------------------------------+---------+
; File Name with User-Entered Path     ; Used in Netlist ; File Type              ; File Name with Absolute Path                                                             ; Library ;
+--------------------------------------+-----------------+------------------------+------------------------------------------------------------------------------------------+---------+
; ../Aula 05/somador_subtrator.v       ; yes             ; User Verilog HDL File  ; C:/Users/Alysson/Documents/MeusProjetos/logic-circuits/Aula 05/somador_subtrator.v       ;         ;
; ../Aula 05/somador_completo.v        ; yes             ; User Verilog HDL File  ; C:/Users/Alysson/Documents/MeusProjetos/logic-circuits/Aula 05/somador_completo.v        ;         ;
; ../Aula 05/somador_4bits.v           ; yes             ; User Verilog HDL File  ; C:/Users/Alysson/Documents/MeusProjetos/logic-circuits/Aula 05/somador_4bits.v           ;         ;
; ../Aula 05/seletor_ic_4bits.v        ; yes             ; User Verilog HDL File  ; C:/Users/Alysson/Documents/MeusProjetos/logic-circuits/Aula 05/seletor_ic_4bits.v        ;         ;
; ../Aula 05/igualdade_complemento_1.v ; yes             ; User Verilog HDL File  ; C:/Users/Alysson/Documents/MeusProjetos/logic-circuits/Aula 05/igualdade_complemento_1.v ;         ;
; ../Aula 05/estouro.v                 ; yes             ; User Verilog HDL File  ; C:/Users/Alysson/Documents/MeusProjetos/logic-circuits/Aula 05/estouro.v                 ;         ;
; Mod_Teste4.v                         ; yes             ; User Verilog HDL File  ; C:/Users/Alysson/Documents/MeusProjetos/logic-circuits/Experimento 05/Mod_Teste4.v       ;         ;
+--------------------------------------+-----------------+------------------------+------------------------------------------------------------------------------------------+---------+


+-----------------------------------------------------------+
; Analysis & Synthesis Resource Usage Summary               ;
+---------------------------------------------+-------------+
; Resource                                    ; Usage       ;
+---------------------------------------------+-------------+
; Estimated Total logic elements              ; 12          ;
;                                             ;             ;
; Total combinational functions               ; 12          ;
; Logic element usage by number of LUT inputs ;             ;
;     -- 4 input functions                    ; 7           ;
;     -- 3 input functions                    ; 2           ;
;     -- <=2 input functions                  ; 3           ;
;                                             ;             ;
; Logic elements by mode                      ;             ;
;     -- normal mode                          ; 12          ;
;     -- arithmetic mode                      ; 0           ;
;                                             ;             ;
; Total registers                             ; 0           ;
;     -- Dedicated logic registers            ; 0           ;
;     -- I/O registers                        ; 0           ;
;                                             ;             ;
; I/O pins                                    ; 18          ;
;                                             ;             ;
; Embedded Multiplier 9-bit elements          ; 0           ;
;                                             ;             ;
; Maximum fan-out node                        ; SW[0]~input ;
; Maximum fan-out                             ; 9           ;
; Total fan-out                               ; 67          ;
; Average fan-out                             ; 1.40        ;
+---------------------------------------------+-------------+


+--------------------------------------------------------------------------------------------------------------------------------------------------------------------------------------------------------------------------------------------------------------------------------------------------------------+
; Analysis & Synthesis Resource Utilization by Entity                                                                                                                                                                                                                                                          ;
+----------------------------------------+---------------------+---------------------------+-------------+--------------+---------+-----------+------+--------------+-------------------------------------------------------------------------------------------------+-------------------------+--------------+
; Compilation Hierarchy Node             ; Combinational ALUTs ; Dedicated Logic Registers ; Memory Bits ; DSP Elements ; DSP 9x9 ; DSP 18x18 ; Pins ; Virtual Pins ; Full Hierarchy Name                                                                             ; Entity Name             ; Library Name ;
+----------------------------------------+---------------------+---------------------------+-------------+--------------+---------+-----------+------+--------------+-------------------------------------------------------------------------------------------------+-------------------------+--------------+
; |Mod_Teste4                            ; 12 (0)              ; 0 (0)                     ; 0           ; 0            ; 0       ; 0         ; 18   ; 0            ; |Mod_Teste4                                                                                     ; Mod_Teste4              ; work         ;
;    |somador_subtrator:soma_subtrai|    ; 12 (0)              ; 0 (0)                     ; 0           ; 0            ; 0       ; 0         ; 0    ; 0            ; |Mod_Teste4|somador_subtrator:soma_subtrai                                                      ; somador_subtrator       ; work         ;
;       |estouro:overflow|               ; 1 (1)               ; 0 (0)                     ; 0           ; 0            ; 0       ; 0         ; 0    ; 0            ; |Mod_Teste4|somador_subtrator:soma_subtrai|estouro:overflow                                     ; estouro                 ; work         ;
;       |seletor_ic_4bits:seletor|       ; 1 (0)               ; 0 (0)                     ; 0           ; 0            ; 0       ; 0         ; 0    ; 0            ; |Mod_Teste4|somador_subtrator:soma_subtrai|seletor_ic_4bits:seletor                             ; seletor_ic_4bits        ; work         ;
;          |igualdade_complemento_1:ic2| ; 1 (1)               ; 0 (0)                     ; 0           ; 0            ; 0       ; 0         ; 0    ; 0            ; |Mod_Teste4|somador_subtrator:soma_subtrai|seletor_ic_4bits:seletor|igualdade_complemento_1:ic2 ; igualdade_complemento_1 ; work         ;
;       |somador_4bits:somador|          ; 10 (0)              ; 0 (0)                     ; 0           ; 0            ; 0       ; 0         ; 0    ; 0            ; |Mod_Teste4|somador_subtrator:soma_subtrai|somador_4bits:somador                                ; somador_4bits           ; work         ;
;          |somador_completo:sc1|        ; 4 (4)               ; 0 (0)                     ; 0           ; 0            ; 0       ; 0         ; 0    ; 0            ; |Mod_Teste4|somador_subtrator:soma_subtrai|somador_4bits:somador|somador_completo:sc1           ; somador_completo        ; work         ;
;          |somador_completo:sc2|        ; 2 (2)               ; 0 (0)                     ; 0           ; 0            ; 0       ; 0         ; 0    ; 0            ; |Mod_Teste4|somador_subtrator:soma_subtrai|somador_4bits:somador|somador_completo:sc2           ; somador_completo        ; work         ;
;          |somador_completo:sc3|        ; 2 (2)               ; 0 (0)                     ; 0           ; 0            ; 0       ; 0         ; 0    ; 0            ; |Mod_Teste4|somador_subtrator:soma_subtrai|somador_4bits:somador|somador_completo:sc3           ; somador_completo        ; work         ;
;          |somador_completo:sc4|        ; 2 (2)               ; 0 (0)                     ; 0           ; 0            ; 0       ; 0         ; 0    ; 0            ; |Mod_Teste4|somador_subtrator:soma_subtrai|somador_4bits:somador|somador_completo:sc4           ; somador_completo        ; work         ;
+----------------------------------------+---------------------+---------------------------+-------------+--------------+---------+-----------+------+--------------+-------------------------------------------------------------------------------------------------+-------------------------+--------------+
Note: For table entries with two numbers listed, the numbers in parentheses indicate the number of resources of the given type used by the specific entity alone. The numbers listed outside of parentheses indicate the total resources of the given type used by the specific entity and all of its sub-entities in the hierarchy.


+------------------------------------------------------+
; General Register Statistics                          ;
+----------------------------------------------+-------+
; Statistic                                    ; Value ;
+----------------------------------------------+-------+
; Total registers                              ; 0     ;
; Number of registers using Synchronous Clear  ; 0     ;
; Number of registers using Synchronous Load   ; 0     ;
; Number of registers using Asynchronous Clear ; 0     ;
; Number of registers using Asynchronous Load  ; 0     ;
; Number of registers using Clock Enable       ; 0     ;
; Number of registers using Preset             ; 0     ;
+----------------------------------------------+-------+


+-----------------------------------------------------+
; Post-Synthesis Netlist Statistics for Top Partition ;
+-----------------------+-----------------------------+
; Type                  ; Count                       ;
+-----------------------+-----------------------------+
; boundary_port         ; 18                          ;
; cycloneiii_lcell_comb ; 12                          ;
;     normal            ; 12                          ;
;         2 data inputs ; 3                           ;
;         3 data inputs ; 2                           ;
;         4 data inputs ; 7                           ;
;                       ;                             ;
; Max LUT depth         ; 4.00                        ;
; Average LUT depth     ; 3.05                        ;
+-----------------------+-----------------------------+


+-------------------------------+
; Elapsed Time Per Partition    ;
+----------------+--------------+
; Partition Name ; Elapsed Time ;
+----------------+--------------+
; Top            ; 00:00:00     ;
+----------------+--------------+


+-------------------------------+
; Analysis & Synthesis Messages ;
+-------------------------------+
Info: *******************************************************************
Info: Running Quartus Prime Analysis & Synthesis
    Info: Version 20.1.0 Build 711 06/05/2020 SJ Lite Edition
    Info: Processing started: Tue Oct 27 18:52:52 2020
Info: Command: quartus_map --read_settings_files=on --write_settings_files=off experimento-05 -c experimento-05
Warning (18236): Number of processors has not been specified which may cause overloading on shared machines.  Set the global assignment NUM_PARALLEL_PROCESSORS in your QSF to an appropriate value for best performance.
Info (20030): Parallel compilation is enabled and will use 2 of the 2 processors detected
Info (12021): Found 1 design units, including 1 entities, in source file /users/alysson/documents/meusprojetos/logic-circuits/aula 05/somador_subtrator.v
    Info (12023): Found entity 1: somador_subtrator File: C:/Users/Alysson/Documents/MeusProjetos/logic-circuits/Aula 05/somador_subtrator.v Line: 1
Info (12021): Found 1 design units, including 1 entities, in source file /users/alysson/documents/meusprojetos/logic-circuits/aula 05/somador_completo.v
    Info (12023): Found entity 1: somador_completo File: C:/Users/Alysson/Documents/MeusProjetos/logic-circuits/Aula 05/somador_completo.v Line: 1
Info (12021): Found 1 design units, including 1 entities, in source file /users/alysson/documents/meusprojetos/logic-circuits/aula 05/somador_4bits.v
    Info (12023): Found entity 1: somador_4bits File: C:/Users/Alysson/Documents/MeusProjetos/logic-circuits/Aula 05/somador_4bits.v Line: 1
Info (12021): Found 1 design units, including 1 entities, in source file /users/alysson/documents/meusprojetos/logic-circuits/aula 05/seletor_ic_4bits.v
    Info (12023): Found entity 1: seletor_ic_4bits File: C:/Users/Alysson/Documents/MeusProjetos/logic-circuits/Aula 05/seletor_ic_4bits.v Line: 1
Info (12021): Found 1 design units, including 1 entities, in source file /users/alysson/documents/meusprojetos/logic-circuits/aula 05/igualdade_complemento_1.v
    Info (12023): Found entity 1: igualdade_complemento_1 File: C:/Users/Alysson/Documents/MeusProjetos/logic-circuits/Aula 05/igualdade_complemento_1.v Line: 1
Info (12021): Found 1 design units, including 1 entities, in source file /users/alysson/documents/meusprojetos/logic-circuits/aula 05/estouro.v
    Info (12023): Found entity 1: estouro File: C:/Users/Alysson/Documents/MeusProjetos/logic-circuits/Aula 05/estouro.v Line: 1
Info (12021): Found 1 design units, including 1 entities, in source file mod_teste1.v
    Info (12023): Found entity 1: Mod_Teste1 File: C:/Users/Alysson/Documents/MeusProjetos/logic-circuits/Experimento 05/Mod_Teste1.v Line: 1
Info (12021): Found 1 design units, including 1 entities, in source file mod_teste2.v
    Info (12023): Found entity 1: Mod_Teste2 File: C:/Users/Alysson/Documents/MeusProjetos/logic-circuits/Experimento 05/Mod_Teste2.v Line: 1
Info (12021): Found 1 design units, including 1 entities, in source file mod_teste3.v
    Info (12023): Found entity 1: Mod_Teste3 File: C:/Users/Alysson/Documents/MeusProjetos/logic-circuits/Experimento 05/Mod_Teste3.v Line: 1
Info (12021): Found 1 design units, including 1 entities, in source file mod_teste4.v
    Info (12023): Found entity 1: Mod_Teste4 File: C:/Users/Alysson/Documents/MeusProjetos/logic-circuits/Experimento 05/Mod_Teste4.v Line: 1
Info (12127): Elaborating entity "Mod_Teste4" for the top level hierarchy
Info (12128): Elaborating entity "somador_subtrator" for hierarchy "somador_subtrator:soma_subtrai" File: C:/Users/Alysson/Documents/MeusProjetos/logic-circuits/Experimento 05/Mod_Teste4.v Line: 8
Info (12128): Elaborating entity "seletor_ic_4bits" for hierarchy "somador_subtrator:soma_subtrai|seletor_ic_4bits:seletor" File: C:/Users/Alysson/Documents/MeusProjetos/logic-circuits/Aula 05/somador_subtrator.v Line: 10
Info (12128): Elaborating entity "igualdade_complemento_1" for hierarchy "somador_subtrator:soma_subtrai|seletor_ic_4bits:seletor|igualdade_complemento_1:ic1" File: C:/Users/Alysson/Documents/MeusProjetos/logic-circuits/Aula 05/seletor_ic_4bits.v Line: 8
Info (12128): Elaborating entity "somador_4bits" for hierarchy "somador_subtrator:soma_subtrai|somador_4bits:somador" File: C:/Users/Alysson/Documents/MeusProjetos/logic-circuits/Aula 05/somador_subtrator.v Line: 11
Info (12128): Elaborating entity "somador_completo" for hierarchy "somador_subtrator:soma_subtrai|somador_4bits:somador|somador_completo:sc1" File: C:/Users/Alysson/Documents/MeusProjetos/logic-circuits/Aula 05/somador_4bits.v Line: 8
Info (12128): Elaborating entity "estouro" for hierarchy "somador_subtrator:soma_subtrai|estouro:overflow" File: C:/Users/Alysson/Documents/MeusProjetos/logic-circuits/Aula 05/somador_subtrator.v Line: 12
Info (286030): Timing-Driven Synthesis is running
Info (16010): Generating hard_block partition "hard_block:auto_generated_inst"
    Info (16011): Adding 0 node(s), including 0 DDIO, 0 PLL, 0 transceiver and 0 LCELL
Info (21057): Implemented 30 device resources after synthesis - the final resource count might be different
    Info (21058): Implemented 9 input pins
    Info (21059): Implemented 9 output pins
    Info (21061): Implemented 12 logic cells
Info: Quartus Prime Analysis & Synthesis was successful. 0 errors, 1 warning
    Info: Peak virtual memory: 4742 megabytes
    Info: Processing ended: Tue Oct 27 18:53:08 2020
    Info: Elapsed time: 00:00:16
    Info: Total CPU time (on all processors): 00:00:36


